 &plot nbnd=   8, nks=    45 /
            0.750000  0.750000  0.000000
  -2.127  -1.137   1.722   3.626   7.234  10.170  13.517  14.198
            0.800000  0.700000  0.000000
  -2.105  -1.148   1.741   3.485   7.445  10.183  13.094  13.593
            0.850000  0.650000  0.000000
  -2.036  -1.179   1.797   3.147   7.998  10.226  12.500  12.833
            0.900000  0.600000  0.000000
  -1.921  -1.244   1.889   2.757   8.755  10.292  11.921  12.100
            0.950000  0.550000  0.000000
  -1.760  -1.364   2.016   2.415   9.616  10.353  11.398  11.426
            1.000000  0.500000  0.000000
  -1.555  -1.555   2.176   2.176  10.303  10.303  11.045  11.045
            0.900000  0.450000  0.000000
  -2.083  -1.054   1.977   2.572   9.951  10.004  10.712  12.250
            0.800000  0.400000  0.000000
  -2.712  -0.468   2.050   3.047   9.436   9.806  10.478  13.821
            0.700000  0.350000  0.000000
  -3.365   0.203   2.335   3.574   9.013   9.741  10.324  13.451
            0.600000  0.300000  0.000000
  -3.987   0.957   2.776   4.115   8.697   9.827  10.215  12.466
            0.500000  0.250000  0.000000
  -4.543   1.793   3.332   4.632   8.491   9.941  10.249  11.556
            0.400000  0.200000  0.000000
  -5.012   2.703   3.969   5.093   8.394   9.776  10.657  10.723
            0.300000  0.150000  0.000000
  -5.385   3.679   4.648   5.479   8.396   9.489  11.028   9.978
            0.200000  0.100000  0.000000
  -5.655   4.684   5.309   5.787   8.477   9.164  10.578   9.331
            0.100000  0.050000  0.000000
  -5.818   5.609   5.846   5.995   8.580   8.846   9.713   8.834
            0.000000  0.000000  0.000000
  -5.871   6.072   6.072   6.072   8.630   8.630   8.630   9.340
            0.100000  0.000000  0.000000
  -5.829   5.791   5.893   5.893   8.520   8.860   8.860   9.608
            0.200000  0.000000  0.000000
  -5.698   5.136   5.489   5.489   8.237   9.423   9.423  10.161
            0.300000  0.000000  0.000000
  -5.481   4.328   5.022   5.022   7.870  10.151  10.151  10.408
            0.400000  0.000000  0.000000
  -5.179   3.459   4.570   4.570   7.497  10.957  10.957   9.922
            0.500000  0.000000  0.000000
  -4.791   2.570   4.165   4.165   7.162  11.818  11.818   9.172
            0.600000  0.000000  0.000000
  -4.323   1.674   3.823   3.823   6.892  12.704  12.704   8.449
            0.700000  0.000000  0.000000
  -3.776   0.785   3.551   3.551   6.704  13.617  13.617   7.831
            0.800000  0.000000  0.000000
  -3.156  -0.084   3.355   3.355   6.608  14.547  14.547   7.340
            0.900000  0.000000  0.000000
  -2.470  -0.925   3.236   3.236   6.615  15.465  15.465   6.974
            1.000000  0.000000  0.000000
  -1.723  -1.723   3.196   3.196   6.736  16.073  16.073   6.736
            1.000000  0.050000  0.000000
  -1.720  -1.720   3.162   3.162   6.798  15.976  15.976   6.798
            1.000000  0.100000  0.000000
  -1.709  -1.709   3.069   3.069   6.973  15.649  15.649   6.973
            1.000000  0.150000  0.000000
  -1.692  -1.692   2.934   2.934   7.246  15.129  15.129   7.246
            1.000000  0.200000  0.000000
  -1.669  -1.669   2.778   2.778   7.596  14.519  14.519   7.596
            1.000000  0.250000  0.000000
  -1.643  -1.643   2.620   2.620   8.004  13.878  13.878   8.004
            1.000000  0.300000  0.000000
  -1.617  -1.617   2.474   2.474   8.460   8.460  13.228  13.228
            1.000000  0.350000  0.000000
  -1.592  -1.592   2.350   2.350   8.954   8.954  12.589  12.589
            1.000000  0.450000  0.000000
  -1.560  -1.560   2.196   2.196   9.981   9.981  11.388  11.388
            1.000000  0.500000  0.000000
  -1.555  -1.555   2.176   2.176  10.303  10.303  11.045  11.045
            0.950000  0.500000  0.050000
  -1.880  -1.243   1.974   2.458  10.003  10.326  11.041  11.419
            0.900000  0.500000  0.100000
  -2.198  -0.980   1.890   2.792   9.705  10.029  11.439  11.878
            0.850000  0.500000  0.150000
  -2.493  -0.800   1.962   3.157   9.461   9.705  11.952  12.378
            0.800000  0.500000  0.200000
  -2.758  -0.721   2.206   3.529   9.281   9.398  12.529  12.898
            0.750000  0.500000  0.250000
  -2.989  -0.723   2.596   3.891   9.174   9.106  11.966  13.413
            0.700000  0.500000  0.300000
  -3.178  -0.767   3.091   4.219   9.149   8.822  11.080  13.865
            0.650000  0.500000  0.350000
  -3.331  -0.825   3.643   4.493   9.193   8.508  10.332  14.085
            0.600000  0.500000  0.400000
  -3.439  -0.876   4.199   4.696   9.286   8.131   9.800  13.960
            0.550000  0.500000  0.450000
  -3.503  -0.910   4.663   4.820   9.378   7.746   9.508  13.728
            0.500000  0.500000  0.500000
  -3.524  -0.922   4.861   4.861   9.419   7.566   9.419  13.626
